<?xml version="1.0" encoding="UTF-8"?>
<!-- Generated by org.testng.reporters.JUnitReportReporter -->
<testsuite hostname="DESKTOP-A0KIA6F" failures="0" tests="1" name="testCases.dropdown" time="15.077" errors="0" timestamp="2021-07-28T11:23:19 BST" skipped="0">
  <testcase classname="testCases.dropdown" name="dropdown" time="15.077"/>
  <system-out/>
</testsuite> <!-- testCases.dropdown -->
