<?xml version="1.0" encoding="UTF-8"?>
<!-- Generated by org.testng.reporters.JUnitReportReporter -->
<testsuite hostname="DESKTOP-A0KIA6F" failures="0" tests="1" name="testCases.LoginToApplication" time="18.014" errors="0" timestamp="2021-06-27T20:57:10 BST" skipped="0">
  <testcase classname="testCases.LoginToApplication" name="Login" time="18.014"/>
  <system-out/>
</testsuite> <!-- testCases.LoginToApplication -->
